  main.cpp
D:\PROJECT C++\KNB\main.cpp(132,17): warning C4244: 'initializing': conversion from 'float' to 'int', possible loss of data
D:\PROJECT C++\KNB\main.cpp(235,84): warning C4244: '-=': conversion from 'float' to 'int', possible loss of data
D:\PROJECT C++\KNB\main.cpp(236,80): warning C4244: '-=': conversion from 'float' to 'int', possible loss of data
D:\PROJECT C++\KNB\main.cpp(243,80): warning C4244: '-=': conversion from 'float' to 'int', possible loss of data
D:\PROJECT C++\KNB\main.cpp(244,80): warning C4244: '-=': conversion from 'float' to 'int', possible loss of data
D:\PROJECT C++\KNB\main.cpp(251,84): warning C4244: '-=': conversion from 'float' to 'int', possible loss of data
D:\PROJECT C++\KNB\main.cpp(252,80): warning C4244: '-=': conversion from 'float' to 'int', possible loss of data
D:\PROJECT C++\KNB\main.cpp(258,48): warning C4244: '=': conversion from 'float' to 'int', possible loss of data
D:\PROJECT C++\KNB\main.cpp(259,57): warning C4244: '=': conversion from 'float' to 'int', possible loss of data
D:\PROJECT C++\KNB\main.cpp(260,61): warning C4244: '=': conversion from 'float' to 'int', possible loss of data
D:\PROJECT C++\KNB\main.cpp(261,57): warning C4244: '=': conversion from 'float' to 'int', possible loss of data
D:\PROJECT C++\KNB\main.cpp(262,59): warning C4244: '=': conversion from 'float' to 'int', possible loss of data
D:\PROJECT C++\KNB\main.cpp(263,63): warning C4244: '=': conversion from 'float' to 'int', possible loss of data
D:\PROJECT C++\KNB\main.cpp(264,59): warning C4244: '=': conversion from 'float' to 'int', possible loss of data
D:\PROJECT C++\KNB\main.cpp(274,52): warning C4244: '-=': conversion from 'float' to 'int', possible loss of data
D:\PROJECT C++\KNB\main.cpp(275,60): warning C4244: '-=': conversion from 'float' to 'int', possible loss of data
D:\PROJECT C++\KNB\main.cpp(276,64): warning C4244: '-=': conversion from 'float' to 'int', possible loss of data
D:\PROJECT C++\KNB\main.cpp(277,60): warning C4244: '-=': conversion from 'float' to 'int', possible loss of data
D:\PROJECT C++\KNB\main.cpp(278,62): warning C4244: '-=': conversion from 'float' to 'int', possible loss of data
D:\PROJECT C++\KNB\main.cpp(279,66): warning C4244: '-=': conversion from 'float' to 'int', possible loss of data
D:\PROJECT C++\KNB\main.cpp(280,62): warning C4244: '-=': conversion from 'float' to 'int', possible loss of data
D:\PROJECT C++\KNB\main.cpp(282,47): warning C4244: '=': conversion from 'float' to 'int', possible loss of data
D:\PROJECT C++\KNB\main.cpp(283,55): warning C4244: '=': conversion from 'float' to 'int', possible loss of data
D:\PROJECT C++\KNB\main.cpp(284,59): warning C4244: '=': conversion from 'float' to 'int', possible loss of data
D:\PROJECT C++\KNB\main.cpp(285,55): warning C4244: '=': conversion from 'float' to 'int', possible loss of data
D:\PROJECT C++\KNB\main.cpp(286,57): warning C4244: '=': conversion from 'float' to 'int', possible loss of data
D:\PROJECT C++\KNB\main.cpp(287,61): warning C4244: '=': conversion from 'float' to 'int', possible loss of data
D:\PROJECT C++\KNB\main.cpp(288,57): warning C4244: '=': conversion from 'float' to 'int', possible loss of data
D:\PROJECT C++\KNB\main.cpp(297,32): warning C4244: '+=': conversion from 'float' to 'int', possible loss of data
D:\PROJECT C++\KNB\main.cpp(298,36): warning C4244: '+=': conversion from 'float' to 'int', possible loss of data
D:\PROJECT C++\KNB\main.cpp(299,38): warning C4244: '+=': conversion from 'float' to 'int', possible loss of data
D:\PROJECT C++\KNB\main.cpp(300,36): warning C4244: '+=': conversion from 'float' to 'int', possible loss of data
D:\PROJECT C++\KNB\main.cpp(301,37): warning C4244: '+=': conversion from 'float' to 'int', possible loss of data
D:\PROJECT C++\KNB\main.cpp(302,39): warning C4244: '+=': conversion from 'float' to 'int', possible loss of data
D:\PROJECT C++\KNB\main.cpp(303,37): warning C4244: '+=': conversion from 'float' to 'int', possible loss of data
D:\PROJECT C++\KNB\main.cpp(310,65): warning C4244: '-=': conversion from 'float' to 'int', possible loss of data
D:\PROJECT C++\KNB\main.cpp(315,61): warning C4244: '-=': conversion from 'float' to 'int', possible loss of data
D:\PROJECT C++\KNB\main.cpp(320,61): warning C4244: '-=': conversion from 'float' to 'int', possible loss of data
D:\PROJECT C++\KNB\main.cpp(325,61): warning C4244: '-=': conversion from 'float' to 'int', possible loss of data
D:\PROJECT C++\KNB\main.cpp(329,66): warning C4244: '-=': conversion from 'float' to 'int', possible loss of data
D:\PROJECT C++\KNB\main.cpp(333,61): warning C4244: '-=': conversion from 'float' to 'int', possible loss of data
D:\PROJECT C++\KNB\main.cpp(338,61): warning C4244: '-=': conversion from 'float' to 'int', possible loss of data
D:\PROJECT C++\KNB\main.cpp(342,65): warning C4244: '-=': conversion from 'float' to 'int', possible loss of data
D:\PROJECT C++\KNB\main.cpp(346,61): warning C4244: '-=': conversion from 'float' to 'int', possible loss of data
D:\PROJECT C++\KNB\main.cpp(408,32): warning C4244: '+=': conversion from 'float' to 'int', possible loss of data
D:\PROJECT C++\KNB\main.cpp(477,34): warning C4244: '=': conversion from 'float' to 'int', possible loss of data
  Generating code
  1 of 2 functions (50.0%) were compiled, the rest were copied from previous compilation.
    0 functions were new in current compilation
    0 functions had inline decision re-evaluated but remain unchanged
  Finished generating code
  KNB.vcxproj -> D:\PROJECT C++\KNB\Release\KNB.exe
